<?xml version="1.0" encoding="UTF-8"?>
<testng-results ignored="0" total="1" passed="1" failed="0" skipped="0">
  <reporter-output>
  </reporter-output>
  <suite started-at="2023-07-31T17:43:16 IST" name="Default suite" finished-at="2023-07-31T17:43:34 IST" duration-ms="18352">
    <groups>
    </groups>
    <test started-at="2023-07-31T17:43:16 IST" name="Default test" finished-at="2023-07-31T17:43:34 IST" duration-ms="18352">
      <class name="testscripts.regression.ValidateLoginUsingExcelWithDataProvider2">
        <test-method is-config="true" signature="fileSetUp()[pri:0, instance:testscripts.regression.ValidateLoginUsingExcelWithDataProvider2@5b94b04d]" started-at="2023-07-31T17:43:16 IST" name="fileSetUp" finished-at="2023-07-31T17:43:16 IST" duration-ms="22" status="PASS">
          <reporter-output>
          </reporter-output>
        </test-method> <!-- fileSetUp -->
        <test-method is-config="true" signature="browserSetUp()[pri:0, instance:testscripts.regression.ValidateLoginUsingExcelWithDataProvider2@5b94b04d]" started-at="2023-07-31T17:43:17 IST" name="browserSetUp" finished-at="2023-07-31T17:43:28 IST" duration-ms="11068" status="PASS">
          <reporter-output>
          </reporter-output>
        </test-method> <!-- browserSetUp -->
        <test-method signature="StringteLoginTest1(java.util.HashMap)[pri:0, instance:testscripts.regression.ValidateLoginUsingExcelWithDataProvider2@5b94b04d]" started-at="2023-07-31T17:43:28 IST" name="StringteLoginTest1" data-provider="getData" finished-at="2023-07-31T17:43:32 IST" duration-ms="3393" status="PASS">
          <params>
            <param index="0">
              <value>
                <![CDATA[{password=admin123, https://opensource-demo.orangehrmlive.com/web/index.php/dashboard/index=https://opensource-demo.orangehrmlive.com/web/index.php/dashboard/index, admin123=admin123, admin=admin, username=admin, Expected URL=https://opensource-demo.orangehrmlive.com/web/index.php/dashboard/index}]]>
              </value>
            </param>
          </params>
          <reporter-output>
          </reporter-output>
        </test-method> <!-- StringteLoginTest1 -->
        <test-method is-config="true" signature="tearDown()[pri:0, instance:testscripts.regression.ValidateLoginUsingExcelWithDataProvider2@5b94b04d]" started-at="2023-07-31T17:43:32 IST" name="tearDown" finished-at="2023-07-31T17:43:34 IST" duration-ms="2418" status="PASS">
          <reporter-output>
          </reporter-output>
        </test-method> <!-- tearDown -->
      </class> <!-- testscripts.regression.ValidateLoginUsingExcelWithDataProvider2 -->
    </test> <!-- Default test -->
  </suite> <!-- Default suite -->
</testng-results>
